Requirement already satisfied: varstool in /home/marc/.julia/conda/3/x86_64/lib/python3.12/site-packages (2.3.5)
Collecting numba
  Downloading numba-0.61.2-cp312-cp312-manylinux2014_x86_64.manylinux_2_17_x86_64.whl.metadata (2.8 kB)
Requirement already satisfied: pandas in /home/marc/.local/lib/python3.12/site-packages (2.2.3)
Requirement already satisfied: numpy in /home/marc/.julia/conda/3/x86_64/lib/python3.12/site-packages (2.2.6)
Collecting scipy
  Downloading scipy-1.16.1-cp312-cp312-manylinux2014_x86_64.manylinux_2_17_x86_64.whl.metadata (61 kB)
Requirement already satisfied: tqdm in /home/marc/.local/lib/python3.12/site-packages (4.67.1)
Collecting joblib
  Downloading joblib-1.5.2-py3-none-any.whl.metadata (5.6 kB)
Requirement already satisfied: matplotlib in /home/marc/.julia/conda/3/x86_64/lib/python3.12/site-packages (from varstool) (3.10.3)
Requirement already satisfied: mapply in /home/marc/.julia/conda/3/x86_64/lib/python3.12/site-packages (from varstool) (0.1.30)
Collecting psutil (from varstool)
  Downloading psutil-7.0.0-cp36-abi3-manylinux_2_12_x86_64.manylinux2010_x86_64.manylinux_2_17_x86_64.manylinux2014_x86_64.whl.metadata (22 kB)
Collecting llvmlite<0.45,>=0.44.0dev0 (from numba)
  Downloading llvmlite-0.44.0-cp312-cp312-manylinux_2_17_x86_64.manylinux2014_x86_64.whl.metadata (5.0 kB)
Requirement already satisfied: python-dateutil>=2.8.2 in /home/marc/.julia/conda/3/x86_64/lib/python3.12/site-packages (from pandas) (2.9.0.post0)
Requirement already satisfied: pytz>=2020.1 in /home/marc/.local/lib/python3.12/site-packages (from pandas) (2024.2)
Requirement already satisfied: tzdata>=2022.7 in /home/marc/.local/lib/python3.12/site-packages (from pandas) (2025.2)
Requirement already satisfied: six>=1.5 in /home/marc/.julia/conda/3/x86_64/lib/python3.12/site-packages (from python-dateutil>=2.8.2->pandas) (1.17.0)
Requirement already satisfied: pathos>=0.3.1 in /home/marc/.julia/conda/3/x86_64/lib/python3.12/site-packages (from mapply->varstool) (0.3.4)
Requirement already satisfied: multiprocess in /home/marc/.julia/conda/3/x86_64/lib/python3.12/site-packages (from mapply->varstool) (0.70.18)
Requirement already satisfied: ppft>=1.7.7 in /home/marc/.julia/conda/3/x86_64/lib/python3.12/site-packages (from pathos>=0.3.1->mapply->varstool) (1.7.7)
Requirement already satisfied: dill>=0.4.0 in /home/marc/.julia/conda/3/x86_64/lib/python3.12/site-packages (from pathos>=0.3.1->mapply->varstool) (0.4.0)
Requirement already satisfied: pox>=0.3.6 in /home/marc/.julia/conda/3/x86_64/lib/python3.12/site-packages (from pathos>=0.3.1->mapply->varstool) (0.3.6)
Requirement already satisfied: contourpy>=1.0.1 in /home/marc/.julia/conda/3/x86_64/lib/python3.12/site-packages (from matplotlib->varstool) (1.3.2)
Requirement already satisfied: cycler>=0.10 in /home/marc/.julia/conda/3/x86_64/lib/python3.12/site-packages (from matplotlib->varstool) (0.12.1)
Requirement already satisfied: fonttools>=4.22.0 in /home/marc/.julia/conda/3/x86_64/lib/python3.12/site-packages (from matplotlib->varstool) (4.58.4)
Requirement already satisfied: kiwisolver>=1.3.1 in /home/marc/.julia/conda/3/x86_64/lib/python3.12/site-packages (from matplotlib->varstool) (1.4.8)
Requirement already satisfied: packaging>=20.0 in /home/marc/.julia/conda/3/x86_64/lib/python3.12/site-packages (from matplotlib->varstool) (25.0)
Requirement already satisfied: pillow>=8 in /home/marc/.julia/conda/3/x86_64/lib/python3.12/site-packages (from matplotlib->varstool) (11.2.1)
Requirement already satisfied: pyparsing>=2.3.1 in /home/marc/.julia/conda/3/x86_64/lib/python3.12/site-packages (from matplotlib->varstool) (3.2.3)
Downloading numba-0.61.2-cp312-cp312-manylinux2014_x86_64.manylinux_2_17_x86_64.whl (3.9 MB)
   ━━━━━━━━━━━━━━━━━━━━━━━━━━━━━━━━━━━━━━━━ 3.9/3.9 MB 9.8 MB/s  0:00:00
Downloading llvmlite-0.44.0-cp312-cp312-manylinux_2_17_x86_64.manylinux2014_x86_64.whl (42.4 MB)
   ━━━━━━━━━━━━━━━━━━━━━━━━━━━━━━━━━━━━━━━━ 42.4/42.4 MB 10.3 MB/s  0:00:04
Downloading scipy-1.16.1-cp312-cp312-manylinux2014_x86_64.manylinux_2_17_x86_64.whl (35.2 MB)
   ━━━━━━━━━━━━━━━━━━━━━━━━━━━━━━━━━━━━━━━━ 35.2/35.2 MB 9.7 MB/s  0:00:03
Downloading joblib-1.5.2-py3-none-any.whl (308 kB)
Downloading psutil-7.0.0-cp36-abi3-manylinux_2_12_x86_64.manylinux2010_x86_64.manylinux_2_17_x86_64.manylinux2014_x86_64.whl (277 kB)
Installing collected packages: scipy, psutil, llvmlite, joblib, numba

Successfully installed joblib-1.5.2 llvmlite-0.44.0 numba-0.61.2 psutil-7.0.0 scipy-1.16.1
[ Info: VariogramAnalysis.jl build: Setting up Python dependencies...
[ Info: Using pip executable at: /home/marc/.julia/conda/3/x86_64/bin/pip
[ Info: Installing 'varstool', 'numba', and other dependencies with pip...
[ Info: Python dependencies configured successfully.
